[2025-11-28 00:50:50.924] [info] Loaded model GenericAmputeeModel_Right from file models/prosthesisModel_4.osim
[2025-11-28 00:50:50.925] [warning] Couldn't find file 'r_pelvis.vtp'.
[2025-11-28 00:50:50.926] [warning] Couldn't find file 'l_pelvis.vtp'.
[2025-11-28 00:50:50.926] [warning] Couldn't find file 'sacrum.vtp'.
[2025-11-28 00:50:50.926] [warning] Couldn't find file 'femur_r.vtp'.
[2025-11-28 00:50:50.938] [warning] Couldn't find file 'r_patella.vtp'.
[2025-11-28 00:50:50.949] [warning] Couldn't find file 'femur_l.vtp'.
[2025-11-28 00:50:50.949] [warning] Couldn't find file 'tibia_l.vtp'.
[2025-11-28 00:50:50.950] [warning] Couldn't find file 'l_fibula.vtp'.
[2025-11-28 00:50:50.950] [warning] Couldn't find file 'l_pat.vtp'.
[2025-11-28 00:50:50.950] [warning] Couldn't find file 'l_talus.vtp'.
[2025-11-28 00:50:50.950] [warning] Couldn't find file 'l_foot.vtp'.
[2025-11-28 00:50:50.950] [warning] Couldn't find file 'l_bofoot.vtp'.
[2025-11-28 00:50:50.951] [warning] Couldn't find file 'hat_spine.vtp'.
[2025-11-28 00:50:50.951] [warning] Couldn't find file 'hat_jaw.vtp'.
[2025-11-28 00:50:50.951] [warning] Couldn't find file 'hat_skull.vtp'.
[2025-11-28 00:50:50.951] [warning] Couldn't find file 'hat_ribs_scap.vtp'.
[2025-11-28 00:50:50.951] [warning] Couldn't find file 'humerus_rv.vtp'.
[2025-11-28 00:50:50.951] [warning] Couldn't find file 'ulna_rv.vtp'.
[2025-11-28 00:50:50.951] [warning] Couldn't find file 'radius_rv.vtp'.
[2025-11-28 00:50:50.951] [warning] Couldn't find file 'pisiform_rvs.vtp'.
[2025-11-28 00:50:50.951] [warning] Couldn't find file 'lunate_rvs.vtp'.
[2025-11-28 00:50:50.952] [warning] Couldn't find file 'scaphoid_rvs.vtp'.
[2025-11-28 00:50:50.952] [warning] Couldn't find file 'triquetrum_rvs.vtp'.
[2025-11-28 00:50:50.952] [warning] Couldn't find file 'hamate_rvs.vtp'.
[2025-11-28 00:50:50.952] [warning] Couldn't find file 'capitate_rvs.vtp'.
[2025-11-28 00:50:50.952] [warning] Couldn't find file 'trapezoid_rvs.vtp'.
[2025-11-28 00:50:50.952] [warning] Couldn't find file 'trapezium_rvs.vtp'.
[2025-11-28 00:50:50.952] [warning] Couldn't find file 'metacarpal2_rvs.vtp'.
[2025-11-28 00:50:50.952] [warning] Couldn't find file 'index_proximal_rvs.vtp'.
[2025-11-28 00:50:50.953] [warning] Couldn't find file 'index_medial_rvs.vtp'.
[2025-11-28 00:50:50.953] [warning] Couldn't find file 'index_distal_rvs.vtp'.
[2025-11-28 00:50:50.953] [warning] Couldn't find file 'metacarpal3_rvs.vtp'.
[2025-11-28 00:50:50.953] [warning] Couldn't find file 'middle_proximal_rvs.vtp'.
[2025-11-28 00:50:50.953] [warning] Couldn't find file 'middle_medial_rvs.vtp'.
[2025-11-28 00:50:50.953] [warning] Couldn't find file 'middle_distal_rvs.vtp'.
[2025-11-28 00:50:50.953] [warning] Couldn't find file 'metacarpal4_rvs.vtp'.
[2025-11-28 00:50:50.953] [warning] Couldn't find file 'ring_proximal_rvs.vtp'.
[2025-11-28 00:50:50.954] [warning] Couldn't find file 'ring_medial_rvs.vtp'.
[2025-11-28 00:50:50.954] [warning] Couldn't find file 'ring_distal_rvs.vtp'.
[2025-11-28 00:50:50.954] [warning] Couldn't find file 'metacarpal5_rvs.vtp'.
[2025-11-28 00:50:50.954] [warning] Couldn't find file 'little_proximal_rvs.vtp'.
[2025-11-28 00:50:50.954] [warning] Couldn't find file 'little_medial_rvs.vtp'.
[2025-11-28 00:50:50.954] [warning] Couldn't find file 'little_distal_rvs.vtp'.
[2025-11-28 00:50:50.954] [warning] Couldn't find file 'metacarpal1_rvs.vtp'.
[2025-11-28 00:50:50.954] [warning] Couldn't find file 'thumb_proximal_rvs.vtp'.
[2025-11-28 00:50:50.954] [warning] Couldn't find file 'thumb_distal_rvs.vtp'.
[2025-11-28 00:50:50.955] [warning] Couldn't find file 'humerus_lv.vtp'.
[2025-11-28 00:50:50.955] [warning] Couldn't find file 'ulna_lv.vtp'.
[2025-11-28 00:50:50.955] [warning] Couldn't find file 'radius_lv.vtp'.
[2025-11-28 00:50:50.955] [warning] Couldn't find file 'pisiform_lvs.vtp'.
[2025-11-28 00:50:50.955] [warning] Couldn't find file 'lunate_lvs.vtp'.
[2025-11-28 00:50:50.955] [warning] Couldn't find file 'scaphoid_lvs.vtp'.
[2025-11-28 00:50:50.955] [warning] Couldn't find file 'triquetrum_lvs.vtp'.
[2025-11-28 00:50:50.955] [warning] Couldn't find file 'hamate_lvs.vtp'.
[2025-11-28 00:50:50.956] [warning] Couldn't find file 'capitate_lvs.vtp'.
[2025-11-28 00:50:50.956] [warning] Couldn't find file 'trapezoid_lvs.vtp'.
[2025-11-28 00:50:50.956] [warning] Couldn't find file 'trapezium_lvs.vtp'.
[2025-11-28 00:50:50.956] [warning] Couldn't find file 'metacarpal2_lvs.vtp'.
[2025-11-28 00:50:50.956] [warning] Couldn't find file 'index_proximal_lvs.vtp'.
[2025-11-28 00:50:50.956] [warning] Couldn't find file 'index_medial_lvs.vtp'.
[2025-11-28 00:50:50.956] [warning] Couldn't find file 'index_distal_lvs.vtp'.
[2025-11-28 00:50:50.956] [warning] Couldn't find file 'metacarpal3_lvs.vtp'.
[2025-11-28 00:50:50.956] [warning] Couldn't find file 'middle_proximal_lvs.vtp'.
[2025-11-28 00:50:50.957] [warning] Couldn't find file 'middle_medial_lvs.vtp'.
[2025-11-28 00:50:50.957] [warning] Couldn't find file 'middle_distal_lvs.vtp'.
[2025-11-28 00:50:50.957] [warning] Couldn't find file 'metacarpal4_lvs.vtp'.
[2025-11-28 00:50:50.957] [warning] Couldn't find file 'ring_proximal_lvs.vtp'.
[2025-11-28 00:50:50.957] [warning] Couldn't find file 'ring_medial_lvs.vtp'.
[2025-11-28 00:50:50.957] [warning] Couldn't find file 'ring_distal_lvs.vtp'.
[2025-11-28 00:50:50.957] [warning] Couldn't find file 'metacarpal5_lvs.vtp'.
[2025-11-28 00:50:50.957] [warning] Couldn't find file 'little_proximal_lvs.vtp'.
[2025-11-28 00:50:50.957] [warning] Couldn't find file 'little_medial_lvs.vtp'.
[2025-11-28 00:50:50.958] [warning] Couldn't find file 'little_distal_lvs.vtp'.
[2025-11-28 00:50:50.958] [warning] Couldn't find file 'metacarpal1_lvs.vtp'.
[2025-11-28 00:50:50.958] [warning] Couldn't find file 'thumb_proximal_lvs.vtp'.
[2025-11-28 00:50:50.958] [warning] Couldn't find file 'thumb_distal_lvs.vtp'.
