[2025-11-26 16:37:46.851] [info] Updating Model file from 40000 to latest format...
[2025-11-26 16:37:46.867] [info] Loaded model GenericAmputeeModel_Right from file original_model/GenericAmputee_noknees.osim
[2025-11-26 16:37:46.868] [warning] Couldn't find file 'r_pelvis.vtp'.
[2025-11-26 16:37:46.868] [warning] Couldn't find file 'l_pelvis.vtp'.
[2025-11-26 16:37:46.868] [warning] Couldn't find file 'sacrum.vtp'.
[2025-11-26 16:37:46.868] [warning] Couldn't find file 'femur_r.vtp'.
[2025-11-26 16:37:46.869] [warning] Couldn't find file 'r_tib_cut.stl'.
[2025-11-26 16:37:46.869] [warning] Couldn't find file 'r_fib_cut.stl'.
[2025-11-26 16:37:46.869] [warning] Couldn't find file 'r_patella.vtp'.
[2025-11-26 16:37:46.908] [warning] Couldn't find file 'pylon.stl'.
[2025-11-26 16:37:46.908] [warning] Couldn't find file 'femur_l.vtp'.
[2025-11-26 16:37:46.908] [warning] Couldn't find file 'tibia_l.vtp'.
[2025-11-26 16:37:46.908] [warning] Couldn't find file 'l_fibula.vtp'.
[2025-11-26 16:37:46.909] [warning] Couldn't find file 'l_pat.vtp'.
[2025-11-26 16:37:46.909] [warning] Couldn't find file 'l_talus.vtp'.
[2025-11-26 16:37:46.909] [warning] Couldn't find file 'l_foot.vtp'.
[2025-11-26 16:37:46.909] [warning] Couldn't find file 'l_bofoot.vtp'.
[2025-11-26 16:37:46.909] [warning] Couldn't find file 'hat_spine.vtp'.
[2025-11-26 16:37:46.909] [warning] Couldn't find file 'hat_jaw.vtp'.
[2025-11-26 16:37:46.909] [warning] Couldn't find file 'hat_skull.vtp'.
[2025-11-26 16:37:46.909] [warning] Couldn't find file 'hat_ribs_scap.vtp'.
[2025-11-26 16:37:46.909] [warning] Couldn't find file 'humerus_rv.vtp'.
[2025-11-26 16:37:46.910] [warning] Couldn't find file 'ulna_rv.vtp'.
[2025-11-26 16:37:46.910] [warning] Couldn't find file 'radius_rv.vtp'.
[2025-11-26 16:37:46.910] [warning] Couldn't find file 'pisiform_rvs.vtp'.
[2025-11-26 16:37:46.910] [warning] Couldn't find file 'lunate_rvs.vtp'.
[2025-11-26 16:37:46.910] [warning] Couldn't find file 'scaphoid_rvs.vtp'.
[2025-11-26 16:37:46.910] [warning] Couldn't find file 'triquetrum_rvs.vtp'.
[2025-11-26 16:37:46.910] [warning] Couldn't find file 'hamate_rvs.vtp'.
[2025-11-26 16:37:46.910] [warning] Couldn't find file 'capitate_rvs.vtp'.
[2025-11-26 16:37:46.910] [warning] Couldn't find file 'trapezoid_rvs.vtp'.
[2025-11-26 16:37:46.910] [warning] Couldn't find file 'trapezium_rvs.vtp'.
[2025-11-26 16:37:46.910] [warning] Couldn't find file 'metacarpal2_rvs.vtp'.
[2025-11-26 16:37:46.910] [warning] Couldn't find file 'index_proximal_rvs.vtp'.
[2025-11-26 16:37:46.910] [warning] Couldn't find file 'index_medial_rvs.vtp'.
[2025-11-26 16:37:46.910] [warning] Couldn't find file 'index_distal_rvs.vtp'.
[2025-11-26 16:37:46.911] [warning] Couldn't find file 'metacarpal3_rvs.vtp'.
[2025-11-26 16:37:46.911] [warning] Couldn't find file 'middle_proximal_rvs.vtp'.
[2025-11-26 16:37:46.911] [warning] Couldn't find file 'middle_medial_rvs.vtp'.
[2025-11-26 16:37:46.911] [warning] Couldn't find file 'middle_distal_rvs.vtp'.
[2025-11-26 16:37:46.911] [warning] Couldn't find file 'metacarpal4_rvs.vtp'.
[2025-11-26 16:37:46.911] [warning] Couldn't find file 'ring_proximal_rvs.vtp'.
[2025-11-26 16:37:46.911] [warning] Couldn't find file 'ring_medial_rvs.vtp'.
[2025-11-26 16:37:46.911] [warning] Couldn't find file 'ring_distal_rvs.vtp'.
[2025-11-26 16:37:46.911] [warning] Couldn't find file 'metacarpal5_rvs.vtp'.
[2025-11-26 16:37:46.912] [warning] Couldn't find file 'little_proximal_rvs.vtp'.
[2025-11-26 16:37:46.912] [warning] Couldn't find file 'little_medial_rvs.vtp'.
[2025-11-26 16:37:46.912] [warning] Couldn't find file 'little_distal_rvs.vtp'.
[2025-11-26 16:37:46.912] [warning] Couldn't find file 'metacarpal1_rvs.vtp'.
[2025-11-26 16:37:46.912] [warning] Couldn't find file 'thumb_proximal_rvs.vtp'.
[2025-11-26 16:37:46.912] [warning] Couldn't find file 'thumb_distal_rvs.vtp'.
[2025-11-26 16:37:46.912] [warning] Couldn't find file 'humerus_lv.vtp'.
[2025-11-26 16:37:46.912] [warning] Couldn't find file 'ulna_lv.vtp'.
[2025-11-26 16:37:46.912] [warning] Couldn't find file 'radius_lv.vtp'.
[2025-11-26 16:37:46.912] [warning] Couldn't find file 'pisiform_lvs.vtp'.
[2025-11-26 16:37:46.912] [warning] Couldn't find file 'lunate_lvs.vtp'.
[2025-11-26 16:37:46.912] [warning] Couldn't find file 'scaphoid_lvs.vtp'.
[2025-11-26 16:37:46.912] [warning] Couldn't find file 'triquetrum_lvs.vtp'.
[2025-11-26 16:37:46.913] [warning] Couldn't find file 'hamate_lvs.vtp'.
[2025-11-26 16:37:46.913] [warning] Couldn't find file 'capitate_lvs.vtp'.
[2025-11-26 16:37:46.913] [warning] Couldn't find file 'trapezoid_lvs.vtp'.
[2025-11-26 16:37:46.913] [warning] Couldn't find file 'trapezium_lvs.vtp'.
[2025-11-26 16:37:46.913] [warning] Couldn't find file 'metacarpal2_lvs.vtp'.
[2025-11-26 16:37:46.913] [warning] Couldn't find file 'index_proximal_lvs.vtp'.
[2025-11-26 16:37:46.913] [warning] Couldn't find file 'index_medial_lvs.vtp'.
[2025-11-26 16:37:46.913] [warning] Couldn't find file 'index_distal_lvs.vtp'.
[2025-11-26 16:37:46.913] [warning] Couldn't find file 'metacarpal3_lvs.vtp'.
[2025-11-26 16:37:46.913] [warning] Couldn't find file 'middle_proximal_lvs.vtp'.
[2025-11-26 16:37:46.913] [warning] Couldn't find file 'middle_medial_lvs.vtp'.
[2025-11-26 16:37:46.914] [warning] Couldn't find file 'middle_distal_lvs.vtp'.
[2025-11-26 16:37:46.914] [warning] Couldn't find file 'metacarpal4_lvs.vtp'.
[2025-11-26 16:37:46.914] [warning] Couldn't find file 'ring_proximal_lvs.vtp'.
[2025-11-26 16:37:46.914] [warning] Couldn't find file 'ring_medial_lvs.vtp'.
[2025-11-26 16:37:46.914] [warning] Couldn't find file 'ring_distal_lvs.vtp'.
[2025-11-26 16:37:46.914] [warning] Couldn't find file 'metacarpal5_lvs.vtp'.
[2025-11-26 16:37:46.914] [warning] Couldn't find file 'little_proximal_lvs.vtp'.
[2025-11-26 16:37:46.915] [warning] Couldn't find file 'little_medial_lvs.vtp'.
[2025-11-26 16:37:46.915] [warning] Couldn't find file 'little_distal_lvs.vtp'.
[2025-11-26 16:37:46.915] [warning] Couldn't find file 'metacarpal1_lvs.vtp'.
[2025-11-26 16:37:46.915] [warning] Couldn't find file 'thumb_proximal_lvs.vtp'.
[2025-11-26 16:37:46.915] [warning] Couldn't find file 'thumb_distal_lvs.vtp'.
[2025-11-26 16:38:24.923] [info] Updating Model file from 40000 to latest format...
[2025-11-26 16:38:24.939] [info] Loaded model GenericAmputeeModel_Right from file original_model/GenericAmputee_noknees.osim
[2025-11-26 16:38:24.940] [warning] Couldn't find file 'r_pelvis.vtp'.
[2025-11-26 16:38:24.940] [warning] Couldn't find file 'l_pelvis.vtp'.
[2025-11-26 16:38:24.940] [warning] Couldn't find file 'sacrum.vtp'.
[2025-11-26 16:38:24.940] [warning] Couldn't find file 'femur_r.vtp'.
[2025-11-26 16:38:24.940] [warning] Couldn't find file 'r_tib_cut.stl'.
[2025-11-26 16:38:24.941] [warning] Couldn't find file 'r_fib_cut.stl'.
[2025-11-26 16:38:24.941] [warning] Couldn't find file 'r_patella.vtp'.
[2025-11-26 16:38:24.952] [warning] Couldn't find file 'pylon.stl'.
[2025-11-26 16:38:24.952] [warning] Couldn't find file 'femur_l.vtp'.
[2025-11-26 16:38:24.953] [warning] Couldn't find file 'tibia_l.vtp'.
[2025-11-26 16:38:24.953] [warning] Couldn't find file 'l_fibula.vtp'.
[2025-11-26 16:38:24.953] [warning] Couldn't find file 'l_pat.vtp'.
[2025-11-26 16:38:24.953] [warning] Couldn't find file 'l_talus.vtp'.
[2025-11-26 16:38:24.953] [warning] Couldn't find file 'l_foot.vtp'.
[2025-11-26 16:38:24.953] [warning] Couldn't find file 'l_bofoot.vtp'.
[2025-11-26 16:38:24.953] [warning] Couldn't find file 'hat_spine.vtp'.
[2025-11-26 16:38:24.954] [warning] Couldn't find file 'hat_jaw.vtp'.
[2025-11-26 16:38:24.954] [warning] Couldn't find file 'hat_skull.vtp'.
[2025-11-26 16:38:24.954] [warning] Couldn't find file 'hat_ribs_scap.vtp'.
[2025-11-26 16:38:24.954] [warning] Couldn't find file 'humerus_rv.vtp'.
[2025-11-26 16:38:24.954] [warning] Couldn't find file 'ulna_rv.vtp'.
[2025-11-26 16:38:24.954] [warning] Couldn't find file 'radius_rv.vtp'.
[2025-11-26 16:38:24.954] [warning] Couldn't find file 'pisiform_rvs.vtp'.
[2025-11-26 16:38:24.954] [warning] Couldn't find file 'lunate_rvs.vtp'.
[2025-11-26 16:38:24.954] [warning] Couldn't find file 'scaphoid_rvs.vtp'.
[2025-11-26 16:38:24.954] [warning] Couldn't find file 'triquetrum_rvs.vtp'.
[2025-11-26 16:38:24.955] [warning] Couldn't find file 'hamate_rvs.vtp'.
[2025-11-26 16:38:24.955] [warning] Couldn't find file 'capitate_rvs.vtp'.
[2025-11-26 16:38:24.955] [warning] Couldn't find file 'trapezoid_rvs.vtp'.
[2025-11-26 16:38:24.955] [warning] Couldn't find file 'trapezium_rvs.vtp'.
[2025-11-26 16:38:24.955] [warning] Couldn't find file 'metacarpal2_rvs.vtp'.
[2025-11-26 16:38:24.955] [warning] Couldn't find file 'index_proximal_rvs.vtp'.
[2025-11-26 16:38:24.955] [warning] Couldn't find file 'index_medial_rvs.vtp'.
[2025-11-26 16:38:24.955] [warning] Couldn't find file 'index_distal_rvs.vtp'.
[2025-11-26 16:38:24.955] [warning] Couldn't find file 'metacarpal3_rvs.vtp'.
[2025-11-26 16:38:24.955] [warning] Couldn't find file 'middle_proximal_rvs.vtp'.
[2025-11-26 16:38:24.955] [warning] Couldn't find file 'middle_medial_rvs.vtp'.
[2025-11-26 16:38:24.955] [warning] Couldn't find file 'middle_distal_rvs.vtp'.
[2025-11-26 16:38:24.956] [warning] Couldn't find file 'metacarpal4_rvs.vtp'.
[2025-11-26 16:38:24.956] [warning] Couldn't find file 'ring_proximal_rvs.vtp'.
[2025-11-26 16:38:24.956] [warning] Couldn't find file 'ring_medial_rvs.vtp'.
[2025-11-26 16:38:24.956] [warning] Couldn't find file 'ring_distal_rvs.vtp'.
[2025-11-26 16:38:24.956] [warning] Couldn't find file 'metacarpal5_rvs.vtp'.
[2025-11-26 16:38:24.956] [warning] Couldn't find file 'little_proximal_rvs.vtp'.
[2025-11-26 16:38:24.956] [warning] Couldn't find file 'little_medial_rvs.vtp'.
[2025-11-26 16:38:24.956] [warning] Couldn't find file 'little_distal_rvs.vtp'.
[2025-11-26 16:38:24.956] [warning] Couldn't find file 'metacarpal1_rvs.vtp'.
[2025-11-26 16:38:24.957] [warning] Couldn't find file 'thumb_proximal_rvs.vtp'.
[2025-11-26 16:38:24.957] [warning] Couldn't find file 'thumb_distal_rvs.vtp'.
[2025-11-26 16:38:24.957] [warning] Couldn't find file 'humerus_lv.vtp'.
[2025-11-26 16:38:24.957] [warning] Couldn't find file 'ulna_lv.vtp'.
[2025-11-26 16:38:24.957] [warning] Couldn't find file 'radius_lv.vtp'.
[2025-11-26 16:38:24.957] [warning] Couldn't find file 'pisiform_lvs.vtp'.
[2025-11-26 16:38:24.957] [warning] Couldn't find file 'lunate_lvs.vtp'.
[2025-11-26 16:38:24.957] [warning] Couldn't find file 'scaphoid_lvs.vtp'.
[2025-11-26 16:38:24.957] [warning] Couldn't find file 'triquetrum_lvs.vtp'.
[2025-11-26 16:38:24.957] [warning] Couldn't find file 'hamate_lvs.vtp'.
[2025-11-26 16:38:24.958] [warning] Couldn't find file 'capitate_lvs.vtp'.
[2025-11-26 16:38:24.958] [warning] Couldn't find file 'trapezoid_lvs.vtp'.
[2025-11-26 16:38:24.958] [warning] Couldn't find file 'trapezium_lvs.vtp'.
[2025-11-26 16:38:24.958] [warning] Couldn't find file 'metacarpal2_lvs.vtp'.
[2025-11-26 16:38:24.958] [warning] Couldn't find file 'index_proximal_lvs.vtp'.
[2025-11-26 16:38:24.958] [warning] Couldn't find file 'index_medial_lvs.vtp'.
[2025-11-26 16:38:24.958] [warning] Couldn't find file 'index_distal_lvs.vtp'.
[2025-11-26 16:38:24.958] [warning] Couldn't find file 'metacarpal3_lvs.vtp'.
[2025-11-26 16:38:24.958] [warning] Couldn't find file 'middle_proximal_lvs.vtp'.
[2025-11-26 16:38:24.958] [warning] Couldn't find file 'middle_medial_lvs.vtp'.
[2025-11-26 16:38:24.958] [warning] Couldn't find file 'middle_distal_lvs.vtp'.
[2025-11-26 16:38:24.958] [warning] Couldn't find file 'metacarpal4_lvs.vtp'.
[2025-11-26 16:38:24.958] [warning] Couldn't find file 'ring_proximal_lvs.vtp'.
[2025-11-26 16:38:24.958] [warning] Couldn't find file 'ring_medial_lvs.vtp'.
[2025-11-26 16:38:24.958] [warning] Couldn't find file 'ring_distal_lvs.vtp'.
[2025-11-26 16:38:24.959] [warning] Couldn't find file 'metacarpal5_lvs.vtp'.
[2025-11-26 16:38:24.959] [warning] Couldn't find file 'little_proximal_lvs.vtp'.
[2025-11-26 16:38:24.959] [warning] Couldn't find file 'little_medial_lvs.vtp'.
[2025-11-26 16:38:24.959] [warning] Couldn't find file 'little_distal_lvs.vtp'.
[2025-11-26 16:38:24.959] [warning] Couldn't find file 'metacarpal1_lvs.vtp'.
[2025-11-26 16:38:24.959] [warning] Couldn't find file 'thumb_proximal_lvs.vtp'.
[2025-11-26 16:38:24.959] [warning] Couldn't find file 'thumb_distal_lvs.vtp'.
[2025-11-26 16:38:51.428] [info] Updating Model file from 40000 to latest format...
[2025-11-26 16:38:51.443] [info] Loaded model GenericAmputeeModel_Right from file original_model/GenericAmputee_noknees.osim
[2025-11-26 16:38:51.444] [warning] Couldn't find file 'r_pelvis.vtp'.
[2025-11-26 16:38:51.444] [warning] Couldn't find file 'l_pelvis.vtp'.
[2025-11-26 16:38:51.445] [warning] Couldn't find file 'sacrum.vtp'.
[2025-11-26 16:38:51.445] [warning] Couldn't find file 'femur_r.vtp'.
[2025-11-26 16:38:51.445] [warning] Couldn't find file 'r_tib_cut.stl'.
[2025-11-26 16:38:51.445] [warning] Couldn't find file 'r_fib_cut.stl'.
[2025-11-26 16:38:51.446] [warning] Couldn't find file 'r_patella.vtp'.
[2025-11-26 16:38:51.457] [warning] Couldn't find file 'pylon.stl'.
[2025-11-26 16:38:51.457] [warning] Couldn't find file 'femur_l.vtp'.
[2025-11-26 16:38:51.457] [warning] Couldn't find file 'tibia_l.vtp'.
[2025-11-26 16:38:51.457] [warning] Couldn't find file 'l_fibula.vtp'.
[2025-11-26 16:38:51.458] [warning] Couldn't find file 'l_pat.vtp'.
[2025-11-26 16:38:51.458] [warning] Couldn't find file 'l_talus.vtp'.
[2025-11-26 16:38:51.458] [warning] Couldn't find file 'l_foot.vtp'.
[2025-11-26 16:38:51.458] [warning] Couldn't find file 'l_bofoot.vtp'.
[2025-11-26 16:38:51.458] [warning] Couldn't find file 'hat_spine.vtp'.
[2025-11-26 16:38:51.458] [warning] Couldn't find file 'hat_jaw.vtp'.
[2025-11-26 16:38:51.458] [warning] Couldn't find file 'hat_skull.vtp'.
[2025-11-26 16:38:51.458] [warning] Couldn't find file 'hat_ribs_scap.vtp'.
[2025-11-26 16:38:51.458] [warning] Couldn't find file 'humerus_rv.vtp'.
[2025-11-26 16:38:51.458] [warning] Couldn't find file 'ulna_rv.vtp'.
[2025-11-26 16:38:51.459] [warning] Couldn't find file 'radius_rv.vtp'.
[2025-11-26 16:38:51.459] [warning] Couldn't find file 'pisiform_rvs.vtp'.
[2025-11-26 16:38:51.459] [warning] Couldn't find file 'lunate_rvs.vtp'.
[2025-11-26 16:38:51.459] [warning] Couldn't find file 'scaphoid_rvs.vtp'.
[2025-11-26 16:38:51.459] [warning] Couldn't find file 'triquetrum_rvs.vtp'.
[2025-11-26 16:38:51.459] [warning] Couldn't find file 'hamate_rvs.vtp'.
[2025-11-26 16:38:51.459] [warning] Couldn't find file 'capitate_rvs.vtp'.
[2025-11-26 16:38:51.459] [warning] Couldn't find file 'trapezoid_rvs.vtp'.
[2025-11-26 16:38:51.459] [warning] Couldn't find file 'trapezium_rvs.vtp'.
[2025-11-26 16:38:51.459] [warning] Couldn't find file 'metacarpal2_rvs.vtp'.
[2025-11-26 16:38:51.459] [warning] Couldn't find file 'index_proximal_rvs.vtp'.
[2025-11-26 16:38:51.459] [warning] Couldn't find file 'index_medial_rvs.vtp'.
[2025-11-26 16:38:51.459] [warning] Couldn't find file 'index_distal_rvs.vtp'.
[2025-11-26 16:38:51.460] [warning] Couldn't find file 'metacarpal3_rvs.vtp'.
[2025-11-26 16:38:51.460] [warning] Couldn't find file 'middle_proximal_rvs.vtp'.
[2025-11-26 16:38:51.460] [warning] Couldn't find file 'middle_medial_rvs.vtp'.
[2025-11-26 16:38:51.460] [warning] Couldn't find file 'middle_distal_rvs.vtp'.
[2025-11-26 16:38:51.460] [warning] Couldn't find file 'metacarpal4_rvs.vtp'.
[2025-11-26 16:38:51.460] [warning] Couldn't find file 'ring_proximal_rvs.vtp'.
[2025-11-26 16:38:51.461] [warning] Couldn't find file 'ring_medial_rvs.vtp'.
[2025-11-26 16:38:51.461] [warning] Couldn't find file 'ring_distal_rvs.vtp'.
[2025-11-26 16:38:51.461] [warning] Couldn't find file 'metacarpal5_rvs.vtp'.
[2025-11-26 16:38:51.461] [warning] Couldn't find file 'little_proximal_rvs.vtp'.
[2025-11-26 16:38:51.461] [warning] Couldn't find file 'little_medial_rvs.vtp'.
[2025-11-26 16:38:51.461] [warning] Couldn't find file 'little_distal_rvs.vtp'.
[2025-11-26 16:38:51.461] [warning] Couldn't find file 'metacarpal1_rvs.vtp'.
[2025-11-26 16:38:51.462] [warning] Couldn't find file 'thumb_proximal_rvs.vtp'.
[2025-11-26 16:38:51.462] [warning] Couldn't find file 'thumb_distal_rvs.vtp'.
[2025-11-26 16:38:51.462] [warning] Couldn't find file 'humerus_lv.vtp'.
[2025-11-26 16:38:51.462] [warning] Couldn't find file 'ulna_lv.vtp'.
[2025-11-26 16:38:51.462] [warning] Couldn't find file 'radius_lv.vtp'.
[2025-11-26 16:38:51.462] [warning] Couldn't find file 'pisiform_lvs.vtp'.
[2025-11-26 16:38:51.462] [warning] Couldn't find file 'lunate_lvs.vtp'.
[2025-11-26 16:38:51.462] [warning] Couldn't find file 'scaphoid_lvs.vtp'.
[2025-11-26 16:38:51.463] [warning] Couldn't find file 'triquetrum_lvs.vtp'.
[2025-11-26 16:38:51.463] [warning] Couldn't find file 'hamate_lvs.vtp'.
[2025-11-26 16:38:51.463] [warning] Couldn't find file 'capitate_lvs.vtp'.
[2025-11-26 16:38:51.463] [warning] Couldn't find file 'trapezoid_lvs.vtp'.
[2025-11-26 16:38:51.463] [warning] Couldn't find file 'trapezium_lvs.vtp'.
[2025-11-26 16:38:51.463] [warning] Couldn't find file 'metacarpal2_lvs.vtp'.
[2025-11-26 16:38:51.463] [warning] Couldn't find file 'index_proximal_lvs.vtp'.
[2025-11-26 16:38:51.463] [warning] Couldn't find file 'index_medial_lvs.vtp'.
[2025-11-26 16:38:51.463] [warning] Couldn't find file 'index_distal_lvs.vtp'.
[2025-11-26 16:38:51.463] [warning] Couldn't find file 'metacarpal3_lvs.vtp'.
[2025-11-26 16:38:51.464] [warning] Couldn't find file 'middle_proximal_lvs.vtp'.
[2025-11-26 16:38:51.464] [warning] Couldn't find file 'middle_medial_lvs.vtp'.
[2025-11-26 16:38:51.464] [warning] Couldn't find file 'middle_distal_lvs.vtp'.
[2025-11-26 16:38:51.464] [warning] Couldn't find file 'metacarpal4_lvs.vtp'.
[2025-11-26 16:38:51.464] [warning] Couldn't find file 'ring_proximal_lvs.vtp'.
[2025-11-26 16:38:51.464] [warning] Couldn't find file 'ring_medial_lvs.vtp'.
[2025-11-26 16:38:51.464] [warning] Couldn't find file 'ring_distal_lvs.vtp'.
[2025-11-26 16:38:51.464] [warning] Couldn't find file 'metacarpal5_lvs.vtp'.
[2025-11-26 16:38:51.464] [warning] Couldn't find file 'little_proximal_lvs.vtp'.
[2025-11-26 16:38:51.464] [warning] Couldn't find file 'little_medial_lvs.vtp'.
[2025-11-26 16:38:51.464] [warning] Couldn't find file 'little_distal_lvs.vtp'.
[2025-11-26 16:38:51.464] [warning] Couldn't find file 'metacarpal1_lvs.vtp'.
[2025-11-26 16:38:51.464] [warning] Couldn't find file 'thumb_proximal_lvs.vtp'.
[2025-11-26 16:38:51.465] [warning] Couldn't find file 'thumb_distal_lvs.vtp'.
[2025-11-26 17:35:15.090] [info] Updating Model file from 40000 to latest format...
[2025-11-26 17:35:15.106] [info] Loaded model GenericAmputeeModel_Right from file original_model/GenericAmputee_r.osim
[2025-11-26 17:35:15.107] [warning] Couldn't find file 'r_pelvis.vtp'.
[2025-11-26 17:35:15.107] [warning] Couldn't find file 'l_pelvis.vtp'.
[2025-11-26 17:35:15.107] [warning] Couldn't find file 'sacrum.vtp'.
[2025-11-26 17:35:15.107] [warning] Couldn't find file 'femur_r.vtp'.
[2025-11-26 17:35:15.107] [warning] Couldn't find file 'r_tib_cut.stl'.
[2025-11-26 17:35:15.107] [warning] Couldn't find file 'r_fib_cut.stl'.
[2025-11-26 17:35:15.108] [warning] Couldn't find file 'r_patella.vtp'.
[2025-11-26 17:35:15.125] [warning] Couldn't find file 'pylon.stl'.
[2025-11-26 17:35:15.125] [warning] Couldn't find file 'femur_l.vtp'.
[2025-11-26 17:35:15.125] [warning] Couldn't find file 'tibia_l.vtp'.
[2025-11-26 17:35:15.125] [warning] Couldn't find file 'l_fibula.vtp'.
[2025-11-26 17:35:15.125] [warning] Couldn't find file 'l_pat.vtp'.
[2025-11-26 17:35:15.125] [warning] Couldn't find file 'l_talus.vtp'.
[2025-11-26 17:35:15.125] [warning] Couldn't find file 'l_foot.vtp'.
[2025-11-26 17:35:15.126] [warning] Couldn't find file 'l_bofoot.vtp'.
[2025-11-26 17:35:15.126] [warning] Couldn't find file 'hat_spine.vtp'.
[2025-11-26 17:35:15.126] [warning] Couldn't find file 'hat_jaw.vtp'.
[2025-11-26 17:35:15.126] [warning] Couldn't find file 'hat_skull.vtp'.
[2025-11-26 17:35:15.126] [warning] Couldn't find file 'hat_ribs_scap.vtp'.
[2025-11-26 17:35:15.126] [warning] Couldn't find file 'humerus_rv.vtp'.
[2025-11-26 17:35:15.126] [warning] Couldn't find file 'ulna_rv.vtp'.
[2025-11-26 17:35:15.126] [warning] Couldn't find file 'radius_rv.vtp'.
[2025-11-26 17:35:15.126] [warning] Couldn't find file 'pisiform_rvs.vtp'.
[2025-11-26 17:35:15.127] [warning] Couldn't find file 'lunate_rvs.vtp'.
[2025-11-26 17:35:15.127] [warning] Couldn't find file 'scaphoid_rvs.vtp'.
[2025-11-26 17:35:15.127] [warning] Couldn't find file 'triquetrum_rvs.vtp'.
[2025-11-26 17:35:15.127] [warning] Couldn't find file 'hamate_rvs.vtp'.
[2025-11-26 17:35:15.127] [warning] Couldn't find file 'capitate_rvs.vtp'.
[2025-11-26 17:35:15.127] [warning] Couldn't find file 'trapezoid_rvs.vtp'.
[2025-11-26 17:35:15.127] [warning] Couldn't find file 'trapezium_rvs.vtp'.
[2025-11-26 17:35:15.127] [warning] Couldn't find file 'metacarpal2_rvs.vtp'.
[2025-11-26 17:35:15.127] [warning] Couldn't find file 'index_proximal_rvs.vtp'.
[2025-11-26 17:35:15.127] [warning] Couldn't find file 'index_medial_rvs.vtp'.
[2025-11-26 17:35:15.127] [warning] Couldn't find file 'index_distal_rvs.vtp'.
[2025-11-26 17:35:15.127] [warning] Couldn't find file 'metacarpal3_rvs.vtp'.
[2025-11-26 17:35:15.128] [warning] Couldn't find file 'middle_proximal_rvs.vtp'.
[2025-11-26 17:35:15.128] [warning] Couldn't find file 'middle_medial_rvs.vtp'.
[2025-11-26 17:35:15.128] [warning] Couldn't find file 'middle_distal_rvs.vtp'.
[2025-11-26 17:35:15.128] [warning] Couldn't find file 'metacarpal4_rvs.vtp'.
[2025-11-26 17:35:15.128] [warning] Couldn't find file 'ring_proximal_rvs.vtp'.
[2025-11-26 17:35:15.128] [warning] Couldn't find file 'ring_medial_rvs.vtp'.
[2025-11-26 17:35:15.128] [warning] Couldn't find file 'ring_distal_rvs.vtp'.
[2025-11-26 17:35:15.128] [warning] Couldn't find file 'metacarpal5_rvs.vtp'.
[2025-11-26 17:35:15.128] [warning] Couldn't find file 'little_proximal_rvs.vtp'.
[2025-11-26 17:35:15.129] [warning] Couldn't find file 'little_medial_rvs.vtp'.
[2025-11-26 17:35:15.129] [warning] Couldn't find file 'little_distal_rvs.vtp'.
[2025-11-26 17:35:15.129] [warning] Couldn't find file 'metacarpal1_rvs.vtp'.
[2025-11-26 17:35:15.129] [warning] Couldn't find file 'thumb_proximal_rvs.vtp'.
[2025-11-26 17:35:15.129] [warning] Couldn't find file 'thumb_distal_rvs.vtp'.
[2025-11-26 17:35:15.129] [warning] Couldn't find file 'humerus_lv.vtp'.
[2025-11-26 17:35:15.129] [warning] Couldn't find file 'ulna_lv.vtp'.
[2025-11-26 17:35:15.129] [warning] Couldn't find file 'radius_lv.vtp'.
[2025-11-26 17:35:15.129] [warning] Couldn't find file 'pisiform_lvs.vtp'.
[2025-11-26 17:35:15.129] [warning] Couldn't find file 'lunate_lvs.vtp'.
[2025-11-26 17:35:15.129] [warning] Couldn't find file 'scaphoid_lvs.vtp'.
[2025-11-26 17:35:15.130] [warning] Couldn't find file 'triquetrum_lvs.vtp'.
[2025-11-26 17:35:15.130] [warning] Couldn't find file 'hamate_lvs.vtp'.
[2025-11-26 17:35:15.130] [warning] Couldn't find file 'capitate_lvs.vtp'.
[2025-11-26 17:35:15.130] [warning] Couldn't find file 'trapezoid_lvs.vtp'.
[2025-11-26 17:35:15.130] [warning] Couldn't find file 'trapezium_lvs.vtp'.
[2025-11-26 17:35:15.130] [warning] Couldn't find file 'metacarpal2_lvs.vtp'.
[2025-11-26 17:35:15.130] [warning] Couldn't find file 'index_proximal_lvs.vtp'.
[2025-11-26 17:35:15.130] [warning] Couldn't find file 'index_medial_lvs.vtp'.
[2025-11-26 17:35:15.130] [warning] Couldn't find file 'index_distal_lvs.vtp'.
[2025-11-26 17:35:15.130] [warning] Couldn't find file 'metacarpal3_lvs.vtp'.
[2025-11-26 17:35:15.130] [warning] Couldn't find file 'middle_proximal_lvs.vtp'.
[2025-11-26 17:35:15.130] [warning] Couldn't find file 'middle_medial_lvs.vtp'.
[2025-11-26 17:35:15.130] [warning] Couldn't find file 'middle_distal_lvs.vtp'.
[2025-11-26 17:35:15.131] [warning] Couldn't find file 'metacarpal4_lvs.vtp'.
[2025-11-26 17:35:15.131] [warning] Couldn't find file 'ring_proximal_lvs.vtp'.
[2025-11-26 17:35:15.131] [warning] Couldn't find file 'ring_medial_lvs.vtp'.
[2025-11-26 17:35:15.131] [warning] Couldn't find file 'ring_distal_lvs.vtp'.
[2025-11-26 17:35:15.131] [warning] Couldn't find file 'metacarpal5_lvs.vtp'.
[2025-11-26 17:35:15.131] [warning] Couldn't find file 'little_proximal_lvs.vtp'.
[2025-11-26 17:35:15.131] [warning] Couldn't find file 'little_medial_lvs.vtp'.
[2025-11-26 17:35:15.131] [warning] Couldn't find file 'little_distal_lvs.vtp'.
[2025-11-26 17:35:15.131] [warning] Couldn't find file 'metacarpal1_lvs.vtp'.
[2025-11-26 17:35:15.131] [warning] Couldn't find file 'thumb_proximal_lvs.vtp'.
[2025-11-26 17:35:15.132] [warning] Couldn't find file 'thumb_distal_lvs.vtp'.
[2025-11-26 17:49:06.284] [info] Updating Model file from 40000 to latest format...
[2025-11-26 17:49:06.299] [info] Loaded model GenericAmputeeModel_Right from file original_model/GenericAmputee_r.osim
[2025-11-26 17:49:06.299] [warning] Couldn't find file 'r_pelvis.vtp'.
[2025-11-26 17:49:06.300] [warning] Couldn't find file 'l_pelvis.vtp'.
[2025-11-26 17:49:06.300] [warning] Couldn't find file 'sacrum.vtp'.
[2025-11-26 17:49:06.300] [warning] Couldn't find file 'femur_r.vtp'.
[2025-11-26 17:49:06.300] [warning] Couldn't find file 'r_tib_cut.stl'.
[2025-11-26 17:49:06.300] [warning] Couldn't find file 'r_fib_cut.stl'.
[2025-11-26 17:49:06.300] [warning] Couldn't find file 'r_patella.vtp'.
[2025-11-26 17:49:06.310] [warning] Couldn't find file 'pylon.stl'.
[2025-11-26 17:49:06.310] [warning] Couldn't find file 'femur_l.vtp'.
[2025-11-26 17:49:06.310] [warning] Couldn't find file 'tibia_l.vtp'.
[2025-11-26 17:49:06.310] [warning] Couldn't find file 'l_fibula.vtp'.
[2025-11-26 17:49:06.310] [warning] Couldn't find file 'l_pat.vtp'.
[2025-11-26 17:49:06.311] [warning] Couldn't find file 'l_talus.vtp'.
[2025-11-26 17:49:06.311] [warning] Couldn't find file 'l_foot.vtp'.
[2025-11-26 17:49:06.311] [warning] Couldn't find file 'l_bofoot.vtp'.
[2025-11-26 17:49:06.311] [warning] Couldn't find file 'hat_spine.vtp'.
[2025-11-26 17:49:06.311] [warning] Couldn't find file 'hat_jaw.vtp'.
[2025-11-26 17:49:06.311] [warning] Couldn't find file 'hat_skull.vtp'.
[2025-11-26 17:49:06.311] [warning] Couldn't find file 'hat_ribs_scap.vtp'.
[2025-11-26 17:49:06.311] [warning] Couldn't find file 'humerus_rv.vtp'.
[2025-11-26 17:49:06.311] [warning] Couldn't find file 'ulna_rv.vtp'.
[2025-11-26 17:49:06.311] [warning] Couldn't find file 'radius_rv.vtp'.
[2025-11-26 17:49:06.311] [warning] Couldn't find file 'pisiform_rvs.vtp'.
[2025-11-26 17:49:06.312] [warning] Couldn't find file 'lunate_rvs.vtp'.
[2025-11-26 17:49:06.312] [warning] Couldn't find file 'scaphoid_rvs.vtp'.
[2025-11-26 17:49:06.312] [warning] Couldn't find file 'triquetrum_rvs.vtp'.
[2025-11-26 17:49:06.312] [warning] Couldn't find file 'hamate_rvs.vtp'.
[2025-11-26 17:49:06.312] [warning] Couldn't find file 'capitate_rvs.vtp'.
[2025-11-26 17:49:06.312] [warning] Couldn't find file 'trapezoid_rvs.vtp'.
[2025-11-26 17:49:06.312] [warning] Couldn't find file 'trapezium_rvs.vtp'.
[2025-11-26 17:49:06.312] [warning] Couldn't find file 'metacarpal2_rvs.vtp'.
[2025-11-26 17:49:06.312] [warning] Couldn't find file 'index_proximal_rvs.vtp'.
[2025-11-26 17:49:06.312] [warning] Couldn't find file 'index_medial_rvs.vtp'.
[2025-11-26 17:49:06.312] [warning] Couldn't find file 'index_distal_rvs.vtp'.
[2025-11-26 17:49:06.312] [warning] Couldn't find file 'metacarpal3_rvs.vtp'.
[2025-11-26 17:49:06.312] [warning] Couldn't find file 'middle_proximal_rvs.vtp'.
[2025-11-26 17:49:06.313] [warning] Couldn't find file 'middle_medial_rvs.vtp'.
[2025-11-26 17:49:06.313] [warning] Couldn't find file 'middle_distal_rvs.vtp'.
[2025-11-26 17:49:06.313] [warning] Couldn't find file 'metacarpal4_rvs.vtp'.
[2025-11-26 17:49:06.313] [warning] Couldn't find file 'ring_proximal_rvs.vtp'.
[2025-11-26 17:49:06.313] [warning] Couldn't find file 'ring_medial_rvs.vtp'.
[2025-11-26 17:49:06.313] [warning] Couldn't find file 'ring_distal_rvs.vtp'.
[2025-11-26 17:49:06.313] [warning] Couldn't find file 'metacarpal5_rvs.vtp'.
[2025-11-26 17:49:06.313] [warning] Couldn't find file 'little_proximal_rvs.vtp'.
[2025-11-26 17:49:06.313] [warning] Couldn't find file 'little_medial_rvs.vtp'.
[2025-11-26 17:49:06.313] [warning] Couldn't find file 'little_distal_rvs.vtp'.
[2025-11-26 17:49:06.313] [warning] Couldn't find file 'metacarpal1_rvs.vtp'.
[2025-11-26 17:49:06.313] [warning] Couldn't find file 'thumb_proximal_rvs.vtp'.
[2025-11-26 17:49:06.314] [warning] Couldn't find file 'thumb_distal_rvs.vtp'.
[2025-11-26 17:49:06.314] [warning] Couldn't find file 'humerus_lv.vtp'.
[2025-11-26 17:49:06.314] [warning] Couldn't find file 'ulna_lv.vtp'.
[2025-11-26 17:49:06.314] [warning] Couldn't find file 'radius_lv.vtp'.
[2025-11-26 17:49:06.314] [warning] Couldn't find file 'pisiform_lvs.vtp'.
[2025-11-26 17:49:06.314] [warning] Couldn't find file 'lunate_lvs.vtp'.
[2025-11-26 17:49:06.314] [warning] Couldn't find file 'scaphoid_lvs.vtp'.
[2025-11-26 17:49:06.315] [warning] Couldn't find file 'triquetrum_lvs.vtp'.
[2025-11-26 17:49:06.315] [warning] Couldn't find file 'hamate_lvs.vtp'.
[2025-11-26 17:49:06.315] [warning] Couldn't find file 'capitate_lvs.vtp'.
[2025-11-26 17:49:06.315] [warning] Couldn't find file 'trapezoid_lvs.vtp'.
[2025-11-26 17:49:06.315] [warning] Couldn't find file 'trapezium_lvs.vtp'.
[2025-11-26 17:49:06.315] [warning] Couldn't find file 'metacarpal2_lvs.vtp'.
[2025-11-26 17:49:06.315] [warning] Couldn't find file 'index_proximal_lvs.vtp'.
[2025-11-26 17:49:06.315] [warning] Couldn't find file 'index_medial_lvs.vtp'.
[2025-11-26 17:49:06.315] [warning] Couldn't find file 'index_distal_lvs.vtp'.
[2025-11-26 17:49:06.315] [warning] Couldn't find file 'metacarpal3_lvs.vtp'.
[2025-11-26 17:49:06.315] [warning] Couldn't find file 'middle_proximal_lvs.vtp'.
[2025-11-26 17:49:06.316] [warning] Couldn't find file 'middle_medial_lvs.vtp'.
[2025-11-26 17:49:06.316] [warning] Couldn't find file 'middle_distal_lvs.vtp'.
[2025-11-26 17:49:06.316] [warning] Couldn't find file 'metacarpal4_lvs.vtp'.
[2025-11-26 17:49:06.316] [warning] Couldn't find file 'ring_proximal_lvs.vtp'.
[2025-11-26 17:49:06.316] [warning] Couldn't find file 'ring_medial_lvs.vtp'.
[2025-11-26 17:49:06.316] [warning] Couldn't find file 'ring_distal_lvs.vtp'.
[2025-11-26 17:49:06.316] [warning] Couldn't find file 'metacarpal5_lvs.vtp'.
[2025-11-26 17:49:06.316] [warning] Couldn't find file 'little_proximal_lvs.vtp'.
[2025-11-26 17:49:06.316] [warning] Couldn't find file 'little_medial_lvs.vtp'.
[2025-11-26 17:49:06.316] [warning] Couldn't find file 'little_distal_lvs.vtp'.
[2025-11-26 17:49:06.317] [warning] Couldn't find file 'metacarpal1_lvs.vtp'.
[2025-11-26 17:49:06.317] [warning] Couldn't find file 'thumb_proximal_lvs.vtp'.
[2025-11-26 17:49:06.317] [warning] Couldn't find file 'thumb_distal_lvs.vtp'.
